<?xml version="1.0" encoding="UTF-8"?>
<testng-results ignored="0" total="1" passed="1" failed="0" skipped="0">
  <reporter-output>
  </reporter-output>
  <suite started-at="2025-05-05T11:07:21 IST" name="Default suite" finished-at="2025-05-05T11:07:26 IST" duration-ms="5331">
    <groups>
    </groups>
    <test started-at="2025-05-05T11:07:21 IST" name="Default test" finished-at="2025-05-05T11:07:26 IST" duration-ms="5331">
      <class name="com.tests.LoginApiTest">
        <test-method signature="loginTest()[pri:0, instance:com.tests.LoginApiTest@436813f3]" started-at="2025-05-05T11:07:21 IST" name="loginTest" description=" Verify if the login API is working" finished-at="2025-05-05T11:07:26 IST" duration-ms="5206" status="PASS">
          <reporter-output>
          </reporter-output>
        </test-method> <!-- loginTest -->
      </class> <!-- com.tests.LoginApiTest -->
    </test> <!-- Default test -->
  </suite> <!-- Default suite -->
</testng-results>
