<?xml version="1.0" encoding="UTF-8"?>
<testng-results ignored="0" total="1" passed="1" failed="0" skipped="0">
  <reporter-output>
  </reporter-output>
  <suite started-at="2025-05-06T12:55:20 IST" name="Default suite" finished-at="2025-05-06T12:55:26 IST" duration-ms="6354">
    <groups>
    </groups>
    <test started-at="2025-05-06T12:55:20 IST" name="Default test" finished-at="2025-05-06T12:55:26 IST" duration-ms="6354">
      <class name="com.tests.UpdateProfileTest">
        <test-method signature="updateProfile()[pri:0, instance:com.tests.UpdateProfileTest@1623b78d]" started-at="2025-05-06T12:55:20 IST" name="updateProfile" finished-at="2025-05-06T12:55:26 IST" duration-ms="6204" status="PASS">
          <reporter-output>
          </reporter-output>
        </test-method> <!-- updateProfile -->
      </class> <!-- com.tests.UpdateProfileTest -->
    </test> <!-- Default test -->
  </suite> <!-- Default suite -->
</testng-results>
